# JRE version: OpenJDK Runtime Environment Temurin-21.0.9+10 (21.0.9+10) (build 21.0.9+10-LTS)
# Java VM: OpenJDK 64-Bit Server VM Temurin-21.0.9+10 (21.0.9+10-LTS, mixed mode, sharing, tiered, compressed oops, compressed class ptrs, parallel gc, windows-amd64)
GC Precious Log:
 CardTable entry size: 512
 CPUs: 16 total, 16 available
 Memory: 32649M
 Large Page Support: Disabled
 NUMA Support: Disabled
 Compressed Oops: Enabled (32-bit)
 Alignments: Space 512K, Generation 512K, Heap 2M
 Heap Min Capacity: 100M
 Heap Initial Capacity: 100M
 Heap Max Capacity: 2G
 Pre-touch: Disabled
 Parallel Workers: 13
Heap:
 PSYoungGen      total 4096K, used 2493K [0x00000000d5580000, 0x00000000d5a80000, 0x0000000100000000)
  eden space 3072K, 62% used [0x00000000d5580000,0x00000000d575f6d8,0x00000000d5880000)
  from space 1024K, 56% used [0x00000000d5880000,0x00000000d5910020,0x00000000d5980000)
  to   space 1024K, 0% used [0x00000000d5980000,0x00000000d5980000,0x00000000d5a80000)
 ParOldGen       total 581632K, used 581421K [0x0000000080000000, 0x00000000a3800000, 0x00000000d5580000)
  object space 581632K, 99% used [0x0000000080000000,0x00000000a37cb548,0x00000000a3800000)
 Metaspace       used 90218K, committed 92032K, reserved 1179648K
  class space    used 8898K, committed 9728K, reserved 1048576K
GC Heap History (20 events):
Event: 1349.523 GC heap before
{Heap before GC invocations=4042 (full 6):
 PSYoungGen      total 3584K, used 3296K [0x00000000d5580000, 0x00000000d5a00000, 0x0000000100000000)
  eden space 3072K, 100% used [0x00000000d5580000,0x00000000d5880000,0x00000000d5880000)
  from space 512K, 43% used [0x00000000d5980000,0x00000000d59b8000,0x00000000d5a00000)
  to   space 512K, 0% used [0x00000000d5900000,0x00000000d5900000,0x00000000d5980000)
 ParOldGen       total 579072K, used 578775K [0x0000000080000000, 0x00000000a3580000, 0x00000000d5580000)
  object space 579072K, 99% used [0x0000000080000000,0x00000000a3535d10,0x00000000a3580000)
 Metaspace       used 90217K, committed 92032K, reserved 1179648K
  class space    used 8898K, committed 9728K, reserved 1048576K
}
Event: 1349.524 GC heap after
{Heap after GC invocations=4042 (full 6):
 PSYoungGen      total 3584K, used 224K [0x00000000d5580000, 0x00000000d5a00000, 0x0000000100000000)
  eden space 3072K, 0% used [0x00000000d5580000,0x00000000d5580000,0x00000000d5880000)
  from space 512K, 43% used [0x00000000d5900000,0x00000000d5938000,0x00000000d5980000)
  to   space 512K, 0% used [0x00000000d5980000,0x00000000d5980000,0x00000000d5a00000)
 ParOldGen       total 579072K, used 578839K [0x0000000080000000, 0x00000000a3580000, 0x00000000d5580000)
  object space 579072K, 99% used [0x0000000080000000,0x00000000a3545d10,0x00000000a3580000)
 Metaspace       used 90217K, committed 92032K, reserved 1179648K
  class space    used 8898K, committed 9728K, reserved 1048576K
}
Event: 1349.537 GC heap before
{Heap before GC invocations=4043 (full 6):
 PSYoungGen      total 3584K, used 3296K [0x00000000d5580000, 0x00000000d5a00000, 0x0000000100000000)
  eden space 3072K, 100% used [0x00000000d5580000,0x00000000d5880000,0x00000000d5880000)
  from space 512K, 43% used [0x00000000d5900000,0x00000000d5938000,0x00000000d5980000)
  to   space 512K, 0% used [0x00000000d5980000,0x00000000d5980000,0x00000000d5a00000)
 ParOldGen       total 579072K, used 578839K [0x0000000080000000, 0x00000000a3580000, 0x00000000d5580000)
  object space 579072K, 99% used [0x0000000080000000,0x00000000a3545d10,0x00000000a3580000)
 Metaspace       used 90217K, committed 92032K, reserved 1179648K
  class space    used 8898K, committed 9728K, reserved 1048576K
}
Event: 1349.538 GC heap after
{Heap after GC invocations=4043 (full 6):
 PSYoungGen      total 3584K, used 224K [0x00000000d5580000, 0x00000000d5a00000, 0x0000000100000000)
  eden space 3072K, 0% used [0x00000000d5580000,0x00000000d5580000,0x00000000d5880000)
  from space 512K, 43% used [0x00000000d5980000,0x00000000d59b8000,0x00000000d5a00000)
  to   space 512K, 0% used [0x00000000d5900000,0x00000000d5900000,0x00000000d5980000)
 ParOldGen       total 579072K, used 578903K [0x0000000080000000, 0x00000000a3580000, 0x00000000d5580000)
  object space 579072K, 99% used [0x0000000080000000,0x00000000a3555d10,0x00000000a3580000)
 Metaspace       used 90217K, committed 92032K, reserved 1179648K
  class space    used 8898K, committed 9728K, reserved 1048576K
}
Event: 1349.550 GC heap before
{Heap before GC invocations=4044 (full 6):
 PSYoungGen      total 3584K, used 3296K [0x00000000d5580000, 0x00000000d5a00000, 0x0000000100000000)
  eden space 3072K, 100% used [0x00000000d5580000,0x00000000d5880000,0x00000000d5880000)
  from space 512K, 43% used [0x00000000d5980000,0x00000000d59b8000,0x00000000d5a00000)
  to   space 512K, 0% used [0x00000000d5900000,0x00000000d5900000,0x00000000d5980000)
 ParOldGen       total 579072K, used 578903K [0x0000000080000000, 0x00000000a3580000, 0x00000000d5580000)
  object space 579072K, 99% used [0x0000000080000000,0x00000000a3555d10,0x00000000a3580000)
 Metaspace       used 90217K, committed 92032K, reserved 1179648K
  class space    used 8898K, committed 9728K, reserved 1048576K
}
Event: 1349.551 GC heap after
{Heap after GC invocations=4044 (full 6):
 PSYoungGen      total 3584K, used 96K [0x00000000d5580000, 0x00000000d5a00000, 0x0000000100000000)
  eden space 3072K, 0% used [0x00000000d5580000,0x00000000d5580000,0x00000000d5880000)
  from space 512K, 18% used [0x00000000d5900000,0x00000000d5918000,0x00000000d5980000)
  to   space 512K, 0% used [0x00000000d5980000,0x00000000d5980000,0x00000000d5a00000)
 ParOldGen       total 579072K, used 578967K [0x0000000080000000, 0x00000000a3580000, 0x00000000d5580000)
  object space 579072K, 99% used [0x0000000080000000,0x00000000a3565d10,0x00000000a3580000)
 Metaspace       used 90217K, committed 92032K, reserved 1179648K
  class space    used 8898K, committed 9728K, reserved 1048576K
}
Event: 1349.590 GC heap before
{Heap before GC invocations=4045 (full 6):
 PSYoungGen      total 3584K, used 3168K [0x00000000d5580000, 0x00000000d5a00000, 0x0000000100000000)
  eden space 3072K, 100% used [0x00000000d5580000,0x00000000d5880000,0x00000000d5880000)
  from space 512K, 18% used [0x00000000d5900000,0x00000000d5918000,0x00000000d5980000)
  to   space 512K, 0% used [0x00000000d5980000,0x00000000d5980000,0x00000000d5a00000)
 ParOldGen       total 579072K, used 578967K [0x0000000080000000, 0x00000000a3580000, 0x00000000d5580000)
  object space 579072K, 99% used [0x0000000080000000,0x00000000a3565d10,0x00000000a3580000)
 Metaspace       used 90217K, committed 92032K, reserved 1179648K
  class space    used 8898K, committed 9728K, reserved 1048576K
}
Event: 1349.592 GC heap after
{Heap after GC invocations=4045 (full 6):
 PSYoungGen      total 3584K, used 405K [0x00000000d5580000, 0x00000000d5a00000, 0x0000000100000000)
  eden space 3072K, 0% used [0x00000000d5580000,0x00000000d5580000,0x00000000d5880000)
  from space 512K, 79% used [0x00000000d5980000,0x00000000d59e5798,0x00000000d5a00000)
  to   space 512K, 0% used [0x00000000d5900000,0x00000000d5900000,0x00000000d5980000)
 ParOldGen       total 579072K, used 578991K [0x0000000080000000, 0x00000000a3580000, 0x00000000d5580000)
  object space 579072K, 99% used [0x0000000080000000,0x00000000a356bd10,0x00000000a3580000)
 Metaspace       used 90217K, committed 92032K, reserved 1179648K
  class space    used 8898K, committed 9728K, reserved 1048576K
}
Event: 1349.601 GC heap before
{Heap before GC invocations=4046 (full 6):
 PSYoungGen      total 3584K, used 3477K [0x00000000d5580000, 0x00000000d5a00000, 0x0000000100000000)
  eden space 3072K, 100% used [0x00000000d5580000,0x00000000d5880000,0x00000000d5880000)
  from space 512K, 79% used [0x00000000d5980000,0x00000000d59e5798,0x00000000d5a00000)
  to   space 512K, 0% used [0x00000000d5900000,0x00000000d5900000,0x00000000d5980000)
 ParOldGen       total 579072K, used 578991K [0x0000000080000000, 0x00000000a3580000, 0x00000000d5580000)
  object space 579072K, 99% used [0x0000000080000000,0x00000000a356bd10,0x00000000a3580000)
 Metaspace       used 90217K, committed 92032K, reserved 1179648K
  class space    used 8898K, committed 9728K, reserved 1048576K
}
Event: 1349.603 GC heap after
{Heap after GC invocations=4046 (full 6):
 PSYoungGen      total 3584K, used 288K [0x00000000d5580000, 0x00000000d5a00000, 0x0000000100000000)
  eden space 3072K, 0% used [0x00000000d5580000,0x00000000d5580000,0x00000000d5880000)
  from space 512K, 56% used [0x00000000d5900000,0x00000000d5948000,0x00000000d5980000)
  to   space 512K, 0% used [0x00000000d5980000,0x00000000d5980000,0x00000000d5a00000)
 ParOldGen       total 579584K, used 579320K [0x0000000080000000, 0x00000000a3600000, 0x00000000d5580000)
  object space 579584K, 99% used [0x0000000080000000,0x00000000a35be3d8,0x00000000a3600000)
 Metaspace       used 90217K, committed 92032K, reserved 1179648K
  class space    used 8898K, committed 9728K, reserved 1048576K
}
Event: 1349.635 GC heap before
{Heap before GC invocations=4047 (full 6):
 PSYoungGen      total 3584K, used 3360K [0x00000000d5580000, 0x00000000d5a00000, 0x0000000100000000)
  eden space 3072K, 100% used [0x00000000d5580000,0x00000000d5880000,0x00000000d5880000)
  from space 512K, 56% used [0x00000000d5900000,0x00000000d5948000,0x00000000d5980000)
  to   space 512K, 0% used [0x00000000d5980000,0x00000000d5980000,0x00000000d5a00000)
 ParOldGen       total 579584K, used 579320K [0x0000000080000000, 0x00000000a3600000, 0x00000000d5580000)
  object space 579584K, 99% used [0x0000000080000000,0x00000000a35be3d8,0x00000000a3600000)
 Metaspace       used 90217K, committed 92032K, reserved 1179648K
  class space    used 8898K, committed 9728K, reserved 1048576K
}
Event: 1349.636 GC heap after
{Heap after GC invocations=4047 (full 6):
 PSYoungGen      total 3584K, used 288K [0x00000000d5580000, 0x00000000d5a00000, 0x0000000100000000)
  eden space 3072K, 0% used [0x00000000d5580000,0x00000000d5580000,0x00000000d5880000)
  from space 512K, 56% used [0x00000000d5980000,0x00000000d59c8000,0x00000000d5a00000)
  to   space 512K, 0% used [0x00000000d5900000,0x00000000d5900000,0x00000000d5980000)
 ParOldGen       total 579584K, used 579384K [0x0000000080000000, 0x00000000a3600000, 0x00000000d5580000)
  object space 579584K, 99% used [0x0000000080000000,0x00000000a35ce3d8,0x00000000a3600000)
 Metaspace       used 90217K, committed 92032K, reserved 1179648K
  class space    used 8898K, committed 9728K, reserved 1048576K
}
Event: 1349.652 GC heap before
{Heap before GC invocations=4048 (full 6):
 PSYoungGen      total 3584K, used 3360K [0x00000000d5580000, 0x00000000d5a00000, 0x0000000100000000)
  eden space 3072K, 100% used [0x00000000d5580000,0x00000000d5880000,0x00000000d5880000)
  from space 512K, 56% used [0x00000000d5980000,0x00000000d59c8000,0x00000000d5a00000)
  to   space 512K, 0% used [0x00000000d5900000,0x00000000d5900000,0x00000000d5980000)
 ParOldGen       total 579584K, used 579384K [0x0000000080000000, 0x00000000a3600000, 0x00000000d5580000)
  object space 579584K, 99% used [0x0000000080000000,0x00000000a35ce3d8,0x00000000a3600000)
 Metaspace       used 90217K, committed 92032K, reserved 1179648K
  class space    used 8898K, committed 9728K, reserved 1048576K
}
Event: 1349.654 GC heap after
{Heap after GC invocations=4048 (full 6):
 PSYoungGen      total 3584K, used 256K [0x00000000d5580000, 0x00000000d5a00000, 0x0000000100000000)
  eden space 3072K, 0% used [0x00000000d5580000,0x00000000d5580000,0x00000000d5880000)
  from space 512K, 50% used [0x00000000d5900000,0x00000000d5940000,0x00000000d5980000)
  to   space 512K, 0% used [0x00000000d5980000,0x00000000d5980000,0x00000000d5a00000)
 ParOldGen       total 579584K, used 579432K [0x0000000080000000, 0x00000000a3600000, 0x00000000d5580000)
  object space 579584K, 99% used [0x0000000080000000,0x00000000a35da3d8,0x00000000a3600000)
 Metaspace       used 90217K, committed 92032K, reserved 1179648K
  class space    used 8898K, committed 9728K, reserved 1048576K
}
Event: 1349.680 GC heap before
{Heap before GC invocations=4049 (full 6):
 PSYoungGen      total 3584K, used 3328K [0x00000000d5580000, 0x00000000d5a00000, 0x0000000100000000)
  eden space 3072K, 100% used [0x00000000d5580000,0x00000000d5880000,0x00000000d5880000)
  from space 512K, 50% used [0x00000000d5900000,0x00000000d5940000,0x00000000d5980000)
  to   space 512K, 0% used [0x00000000d5980000,0x00000000d5980000,0x00000000d5a00000)
 ParOldGen       total 579584K, used 579432K [0x0000000080000000, 0x00000000a3600000, 0x00000000d5580000)
  object space 579584K, 99% used [0x0000000080000000,0x00000000a35da3d8,0x00000000a3600000)
 Metaspace       used 90217K, committed 92032K, reserved 1179648K
  class space    used 8898K, committed 9728K, reserved 1048576K
}
Event: 1349.682 GC heap after
{Heap after GC invocations=4049 (full 6):
 PSYoungGen      total 3584K, used 192K [0x00000000d5580000, 0x00000000d5a00000, 0x0000000100000000)
  eden space 3072K, 0% used [0x00000000d5580000,0x00000000d5580000,0x00000000d5880000)
  from space 512K, 37% used [0x00000000d5980000,0x00000000d59b0000,0x00000000d5a00000)
  to   space 512K, 0% used [0x00000000d5900000,0x00000000d5900000,0x00000000d5980000)
 ParOldGen       total 579584K, used 579480K [0x0000000080000000, 0x00000000a3600000, 0x00000000d5580000)
  object space 579584K, 99% used [0x0000000080000000,0x00000000a35e63d8,0x00000000a3600000)
 Metaspace       used 90217K, committed 92032K, reserved 1179648K
  class space    used 8898K, committed 9728K, reserved 1048576K
}
Event: 1349.696 GC heap before
{Heap before GC invocations=4050 (full 6):
 PSYoungGen      total 3584K, used 3264K [0x00000000d5580000, 0x00000000d5a00000, 0x0000000100000000)
  eden space 3072K, 100% used [0x00000000d5580000,0x00000000d5880000,0x00000000d5880000)
  from space 512K, 37% used [0x00000000d5980000,0x00000000d59b0000,0x00000000d5a00000)
  to   space 512K, 0% used [0x00000000d5900000,0x00000000d5900000,0x00000000d5980000)
 ParOldGen       total 579584K, used 579480K [0x0000000080000000, 0x00000000a3600000, 0x00000000d5580000)
  object space 579584K, 99% used [0x0000000080000000,0x00000000a35e63d8,0x00000000a3600000)
 Metaspace       used 90217K, committed 92032K, reserved 1179648K
  class space    used 8898K, committed 9728K, reserved 1048576K
}
Event: 1349.700 GC heap after
{Heap after GC invocations=4050 (full 6):
 PSYoungGen      total 3584K, used 256K [0x00000000d5580000, 0x00000000d5a00000, 0x0000000100000000)
  eden space 3072K, 0% used [0x00000000d5580000,0x00000000d5580000,0x00000000d5880000)
  from space 512K, 50% used [0x00000000d5900000,0x00000000d5940000,0x00000000d5980000)
  to   space 512K, 0% used [0x00000000d5980000,0x00000000d5980000,0x00000000d5a00000)
 ParOldGen       total 579584K, used 579528K [0x0000000080000000, 0x00000000a3600000, 0x00000000d5580000)
  object space 579584K, 99% used [0x0000000080000000,0x00000000a35f23d8,0x00000000a3600000)
 Metaspace       used 90217K, committed 92032K, reserved 1179648K
  class space    used 8898K, committed 9728K, reserved 1048576K
}
Event: 1349.869 GC heap before
{Heap before GC invocations=4051 (full 6):
 PSYoungGen      total 3584K, used 3328K [0x00000000d5580000, 0x00000000d5a00000, 0x0000000100000000)
  eden space 3072K, 100% used [0x00000000d5580000,0x00000000d5880000,0x00000000d5880000)
  from space 512K, 50% used [0x00000000d5900000,0x00000000d5940000,0x00000000d5980000)
  to   space 512K, 0% used [0x00000000d5980000,0x00000000d5980000,0x00000000d5a00000)
 ParOldGen       total 579584K, used 579528K [0x0000000080000000, 0x00000000a3600000, 0x00000000d5580000)
  object space 579584K, 99% used [0x0000000080000000,0x00000000a35f23d8,0x00000000a3600000)
 Metaspace       used 90218K, committed 92032K, reserved 1179648K
  class space    used 8898K, committed 9728K, reserved 1048576K
}
Event: 1349.871 GC heap after
{Heap after GC invocations=4051 (full 6):
 PSYoungGen      total 3584K, used 320K [0x00000000d5580000, 0x00000000d5a00000, 0x0000000100000000)
  eden space 3072K, 0% used [0x00000000d5580000,0x00000000d5580000,0x00000000d5880000)
  from space 512K, 62% used [0x00000000d5980000,0x00000000d59d0000,0x00000000d5a00000)
  to   space 512K, 0% used [0x00000000d5900000,0x00000000d5900000,0x00000000d5980000)
 ParOldGen       total 579584K, used 579568K [0x0000000080000000, 0x00000000a3600000, 0x00000000d5580000)
  object space 579584K, 99% used [0x0000000080000000,0x00000000a35fc3d8,0x00000000a3600000)
 Metaspace       used 90218K, committed 92032K, reserved 1179648K
  class space    used 8898K, committed 9728K, reserved 1048576K
}

